<?xml version="1.0" encoding="UTF-8"?>
<coverage generated="1712774563701" clover="3.2.0">
  <project timestamp="1712774563701" name="All files">
    <metrics statements="5" coveredstatements="5" conditionals="5" coveredconditionals="5" methods="1" coveredmethods="1" elements="11" coveredelements="11" complexity="0" loc="5" ncloc="5" packages="1" files="1" classes="1"/>
    <file name="createStringFromString.js" path="D:\WeCodeJSChallenge\Day1\createStringFromString.js">
      <metrics statements="5" coveredstatements="5" conditionals="5" coveredconditionals="5" methods="1" coveredmethods="1"/>
      <line num="2" count="6" type="cond" truecount="5" falsecount="0"/>
      <line num="3" count="3" type="stmt"/>
      <line num="6" count="3" type="stmt"/>
      <line num="8" count="3" type="stmt"/>
      <line num="12" count="1" type="stmt"/>
    </file>
  </project>
</coverage>
