{"D:\\WeCodeJSChallenge\\Day1\\createStringFromString.js": {"path":"D:\\WeCodeJSChallenge\\Day1\\createStringFromString.js","statementMap":{"0":{"start":{"line":2,"column":2},"end":{"line":4,"column":3}},"1":{"start":{"line":3,"column":4},"end":{"line":3,"column":37}},"2":{"start":{"line":6,"column":20},"end":{"line":6,"column":65}},"3":{"start":{"line":8,"column":2},"end":{"line":8,"column":45}},"4":{"start":{"line":12,"column":0},"end":{"line":12,"column":41}}},"fnMap":{"0":{"name":"createStringFromString","decl":{"start":{"line":1,"column":9},"end":{"line":1,"column":31}},"loc":{"start":{"line":1,"column":45},"end":{"line":9,"column":1}},"line":1}},"branchMap":{"0":{"loc":{"start":{"line":2,"column":2},"end":{"line":4,"column":3}},"type":"if","locations":[{"start":{"line":2,"column":2},"end":{"line":4,"column":3}},{"start":{},"end":{}}],"line":2},"1":{"loc":{"start":{"line":2,"column":6},"end":{"line":2,"column":78}},"type":"binary-expr","locations":[{"start":{"line":2,"column":6},"end":{"line":2,"column":18}},{"start":{"line":2,"column":22},"end":{"line":2,"column":44}},{"start":{"line":2,"column":48},"end":{"line":2,"column":78}}],"line":2}},"s":{"0":6,"1":3,"2":3,"3":3,"4":1},"f":{"0":6},"b":{"0":[3,3],"1":[6,5,4]},"_coverageSchema":"1a1c01bbd47fc00a2c39e90264f33305004495a9","hash":"45869657b0ed031e9e512dcf9c3bfe62c56f8eec"}
}
